<?xml version="1.0" encoding="UTF-8"?>
<!-- Generated by org.testng.reporters.JUnitReportReporter -->
<testsuite skipped="0" hostname="acer-PC" name="com.tb.test.TestScenarios" tests="3" failures="0" timestamp="2021-01-30T13:33:42 IST" time="5.590" errors="0">
  <testcase name="TC01_Title_Validation" time="0.018" classname="com.tb.test.TestScenarios"/>
  <system-out/>
  <testcase name="TC02_InValid_Credentials_Validation" time="0.345" classname="com.tb.test.TestScenarios"/>
  <system-out/>
  <testcase name="TC03_Valid_Credentials_Validation" time="5.227" classname="com.tb.test.TestScenarios"/>
  <system-out/>
</testsuite> <!-- com.tb.test.TestScenarios -->
